<?xml version="1.0" encoding="UTF-8"?>
<!-- Generated by org.testng.reporters.JUnitReportReporter -->
<testsuite hostname="Baburao-PC" name="Guru99.Guru" tests="1" failures="0" timestamp="16 Mar 2018 17:59:01 GMT" time="16.111" errors="0">
  <testcase name="Login" time="16.111" classname="Guru99.Guru"/>
</testsuite> <!-- Guru99.Guru -->
